<?xml version="1.0" encoding="UTF-8"?>
<testng-results ignored="0" total="1" passed="1" failed="0" skipped="0">
  <reporter-output>
  </reporter-output>
  <suite started-at="2022-05-21T09:05:38 CDT" name="Default suite" finished-at="2022-05-21T09:05:44 CDT" duration-ms="5390">
    <groups>
    </groups>
    <test started-at="2022-05-21T09:05:38 CDT" name="Default test" finished-at="2022-05-21T09:05:44 CDT" duration-ms="5390">
      <class name="test.AddContactTest">
        <test-method signature="validUserShouldbeAbletoLogin()[pri:0, instance:test.AddContactTest@73ee04c8]" started-at="2022-05-21T09:05:39 CDT" name="validUserShouldbeAbletoLogin" finished-at="2022-05-21T09:05:44 CDT" duration-ms="5324" status="PASS">
          <reporter-output>
          </reporter-output>
        </test-method> <!-- validUserShouldbeAbletoLogin -->
      </class> <!-- test.AddContactTest -->
    </test> <!-- Default test -->
  </suite> <!-- Default suite -->
</testng-results>
